1523588460542	geckodriver	INFO	geckodriver 0.18.0
1523588460553	geckodriver	INFO	Listening on 127.0.0.1:59284
1523588462258	geckodriver::marionette	INFO	Starting browser D:\firefox55\firefox.exe with args ["-marionette"]
1523588464298	addons.xpi	WARN	Error parsing extensions state: [Exception... "Component returned failure code: 0x80520012 (NS_ERROR_FILE_NOT_FOUND) [amIAddonManagerStartup.readStartupData]"  nsresult: "0x80520012 (NS_ERROR_FILE_NOT_FOUND)"  location: "JS frame :: resource://gre/modules/addons/XPIProvider.jsm :: loadExtensionState :: line 1596"  data: no] Stack trace: loadExtensionState()@resource://gre/modules/addons/XPIProvider.jsm:1596 < getInstallState()@resource://gre/modules/addons/XPIProvider.jsm:1631 < checkForChanges()@resource://gre/modules/addons/XPIProvider.jsm:3152 < startup()@resource://gre/modules/addons/XPIProvider.jsm:2246 < callProvider()@resource://gre/modules/AddonManager.jsm:271 < _startProvider()@resource://gre/modules/AddonManager.jsm:741 < startup()@resource://gre/modules/AddonManager.jsm:908 < startup()@resource://gre/modules/AddonManager.jsm:3122 < observe()@jar:file:///D:/firefox55/omni.ja!/components/addonManager.js:65
1523588467160	Marionette	INFO	Enabled via --marionette
[Child 11364] WARNING: pipe error: 109: file c:/builds/moz2_slave/m-rel-w32-00000000000000000000/build/src/ipc/chromium/src/chrome/common/ipc_channel_win.cc, line 346
[Child 11364] WARNING: pipe error: 109: file c:/builds/moz2_slave/m-rel-w32-00000000000000000000/build/src/ipc/chromium/src/chrome/common/ipc_channel_win.cc, line 346
1523588486924	Marionette	INFO	Listening on port 59291
1523588487166	Marionette	INFO	Listening on port 59291
1523588487292	Marionette	WARN	TLS certificate errors will be ignored for this session
1523588487352	Marionette	DEBUG	loaded listener.js
1523588487829	Marionette	DEBUG	Received DOM event "beforeunload" for "about:blank"
1523588487997	Marionette	DEBUG	Received DOM event "pagehide" for "about:blank"
1523588487998	Marionette	DEBUG	Received DOM event "unload" for "about:blank"
1523588489695	Marionette	DEBUG	Received DOM event "DOMContentLoaded" for "http://www.baidu.com/"
1523588490045	Marionette	DEBUG	Received DOM event "pageshow" for "http://www.baidu.com/"
[GPU 19676] WARNING: pipe error: 109: file c:/builds/moz2_slave/m-rel-w32-00000000000000000000/build/src/ipc/chromium/src/chrome/common/ipc_channel_win.cc, line 346
1523588493242	addons.productaddons	WARN	Failed downloading via XHR, status: 0, reason: error
[Child 16564] WARNING: pipe error: 109: file c:/builds/moz2_slave/m-rel-w32-00000000000000000000/build/src/ipc/chromium/src/chrome/common/ipc_channel_win.cc, line 346
[Child 16564] WARNING: pipe error: 109: file c:/builds/moz2_slave/m-rel-w32-00000000000000000000/build/src/ipc/chromium/src/chrome/common/ipc_channel_win.cc, line 346
[GPU 19676] WARNING: pipe error: 109: file c:/builds/moz2_slave/m-rel-w32-00000000000000000000/build/src/ipc/chromium/src/chrome/common/ipc_channel_win.cc, line 346

###!!! [Child][MessageChannel::SendAndWait] Error: Channel error: cannot send/recv

1523589549786	geckodriver	INFO	geckodriver 0.18.0
1523589549800	geckodriver	INFO	Listening on 127.0.0.1:59585
1523589551318	geckodriver::marionette	INFO	Starting browser D:\firefox55\firefox.exe with args ["-marionette"]
1523589553248	addons.xpi	WARN	Error parsing extensions state: [Exception... "Component returned failure code: 0x80520012 (NS_ERROR_FILE_NOT_FOUND) [amIAddonManagerStartup.readStartupData]"  nsresult: "0x80520012 (NS_ERROR_FILE_NOT_FOUND)"  location: "JS frame :: resource://gre/modules/addons/XPIProvider.jsm :: loadExtensionState :: line 1596"  data: no] Stack trace: loadExtensionState()@resource://gre/modules/addons/XPIProvider.jsm:1596 < getInstallState()@resource://gre/modules/addons/XPIProvider.jsm:1631 < checkForChanges()@resource://gre/modules/addons/XPIProvider.jsm:3152 < startup()@resource://gre/modules/addons/XPIProvider.jsm:2246 < callProvider()@resource://gre/modules/AddonManager.jsm:271 < _startProvider()@resource://gre/modules/AddonManager.jsm:741 < startup()@resource://gre/modules/AddonManager.jsm:908 < startup()@resource://gre/modules/AddonManager.jsm:3122 < observe()@jar:file:///D:/firefox55/omni.ja!/components/addonManager.js:65
1523589555371	Marionette	INFO	Enabled via --marionette
1523589563452	Marionette	INFO	Listening on port 59591
1523589563469	Marionette	INFO	Listening on port 59591
1523589563925	Marionette	WARN	TLS certificate errors will be ignored for this session
1523589563969	Marionette	DEBUG	loaded listener.js
1523589564011	Marionette	DEBUG	Received DOM event "beforeunload" for "about:blank"
1523589564041	Marionette	DEBUG	Received DOM event "pagehide" for "about:blank"
1523589564042	Marionette	DEBUG	Received DOM event "unload" for "about:blank"
1523589564175	Marionette	DEBUG	Received DOM event "DOMContentLoaded" for "http://www.baidu.com/"
1523589564804	Marionette	DEBUG	Received DOM event "pageshow" for "http://www.baidu.com/"
[GPU 18980] WARNING: pipe error: 109: file c:/builds/moz2_slave/m-rel-w32-00000000000000000000/build/src/ipc/chromium/src/chrome/common/ipc_channel_win.cc, line 346
[GPU 18980] WARNING: pipe error: 109: file c:/builds/moz2_slave/m-rel-w32-00000000000000000000/build/src/ipc/chromium/src/chrome/common/ipc_channel_win.cc, line 346
1523589569441	addons.productaddons	WARN	Failed downloading via XHR, status: 0, reason: error
[GPU 18980] WARNING: pipe error: 109: file c:/builds/moz2_slave/m-rel-w32-00000000000000000000/build/src/ipc/chromium/src/chrome/common/ipc_channel_win.cc, line 346

###!!! [Child][MessageChannel::SendAndWait] Error: Channel error: cannot send/recv

1523590174072	geckodriver	INFO	geckodriver 0.18.0
1523590174111	geckodriver	INFO	Listening on 127.0.0.1:59914
1523590175919	geckodriver::marionette	INFO	Starting browser D:\firefox55\firefox.exe with args ["-marionette"]
1523590177248	addons.xpi	WARN	Error parsing extensions state: [Exception... "Component returned failure code: 0x80520012 (NS_ERROR_FILE_NOT_FOUND) [amIAddonManagerStartup.readStartupData]"  nsresult: "0x80520012 (NS_ERROR_FILE_NOT_FOUND)"  location: "JS frame :: resource://gre/modules/addons/XPIProvider.jsm :: loadExtensionState :: line 1596"  data: no] Stack trace: loadExtensionState()@resource://gre/modules/addons/XPIProvider.jsm:1596 < getInstallState()@resource://gre/modules/addons/XPIProvider.jsm:1631 < checkForChanges()@resource://gre/modules/addons/XPIProvider.jsm:3152 < startup()@resource://gre/modules/addons/XPIProvider.jsm:2246 < callProvider()@resource://gre/modules/AddonManager.jsm:271 < _startProvider()@resource://gre/modules/AddonManager.jsm:741 < startup()@resource://gre/modules/AddonManager.jsm:908 < startup()@resource://gre/modules/AddonManager.jsm:3122 < observe()@jar:file:///D:/firefox55/omni.ja!/components/addonManager.js:65
1523590178202	Marionette	INFO	Enabled via --marionette
[Child 19536] WARNING: pipe error: 109: file c:/builds/moz2_slave/m-rel-w32-00000000000000000000/build/src/ipc/chromium/src/chrome/common/ipc_channel_win.cc, line 346
[Child 19536] WARNING: pipe error: 109: file c:/builds/moz2_slave/m-rel-w32-00000000000000000000/build/src/ipc/chromium/src/chrome/common/ipc_channel_win.cc, line 346
1523590182587	Marionette	INFO	Listening on port 59921
1523590182618	Marionette	INFO	Listening on port 59921
1523590183256	Marionette	WARN	TLS certificate errors will be ignored for this session
1523590183302	Marionette	DEBUG	loaded listener.js
1523590183334	Marionette	DEBUG	Received DOM event "beforeunload" for "about:blank"
1523590183367	Marionette	DEBUG	Received DOM event "pagehide" for "about:blank"
1523590183367	Marionette	DEBUG	Received DOM event "unload" for "about:blank"
1523590183533	Marionette	DEBUG	Received DOM event "DOMContentLoaded" for "http://www.baidu.com/"
1523590183938	Marionette	DEBUG	Received DOM event "pageshow" for "http://www.baidu.com/"
[GPU 20028] WARNING: pipe error: 109: file c:/builds/moz2_slave/m-rel-w32-00000000000000000000/build/src/ipc/chromium/src/chrome/common/ipc_channel_win.cc, line 346
1523590203405	addons.productaddons	WARN	Failed downloading via XHR, status: 0, reason: error
[Parent 19732] WARNING: pipe error: 109: file c:/builds/moz2_slave/m-rel-w32-00000000000000000000/build/src/ipc/chromium/src/chrome/common/ipc_channel_win.cc, line 346
[Child 12536] WARNING: pipe error: 109: file c:/builds/moz2_slave/m-rel-w32-00000000000000000000/build/src/ipc/chromium/src/chrome/common/ipc_channel_win.cc, line 346
[Child 12536] WARNING: pipe error: 109: file c:/builds/moz2_slave/m-rel-w32-00000000000000000000/build/src/ipc/chromium/src/chrome/common/ipc_channel_win.cc, line 346
[GPU 20028] WARNING: pipe error: 109: file c:/builds/moz2_slave/m-rel-w32-00000000000000000000/build/src/ipc/chromium/src/chrome/common/ipc_channel_win.cc, line 346

###!!! [Child][MessageChannel::SendAndWait] Error: Channel error: cannot send/recv

1523590205772	geckodriver	INFO	geckodriver 0.18.0
1523590205781	geckodriver	INFO	Listening on 127.0.0.1:59969
1523590207820	geckodriver::marionette	INFO	Starting browser D:\firefox55\firefox.exe with args ["-marionette"]
1523590208276	addons.xpi	WARN	Error parsing extensions state: [Exception... "Component returned failure code: 0x80520012 (NS_ERROR_FILE_NOT_FOUND) [amIAddonManagerStartup.readStartupData]"  nsresult: "0x80520012 (NS_ERROR_FILE_NOT_FOUND)"  location: "JS frame :: resource://gre/modules/addons/XPIProvider.jsm :: loadExtensionState :: line 1596"  data: no] Stack trace: loadExtensionState()@resource://gre/modules/addons/XPIProvider.jsm:1596 < getInstallState()@resource://gre/modules/addons/XPIProvider.jsm:1631 < checkForChanges()@resource://gre/modules/addons/XPIProvider.jsm:3152 < startup()@resource://gre/modules/addons/XPIProvider.jsm:2246 < callProvider()@resource://gre/modules/AddonManager.jsm:271 < _startProvider()@resource://gre/modules/AddonManager.jsm:741 < startup()@resource://gre/modules/AddonManager.jsm:908 < startup()@resource://gre/modules/AddonManager.jsm:3122 < observe()@jar:file:///D:/firefox55/omni.ja!/components/addonManager.js:65
1523590209324	Marionette	INFO	Enabled via --marionette
1523590212718	Marionette	INFO	Listening on port 59975
1523590212754	Marionette	INFO	Listening on port 59975
1523590213043	Marionette	WARN	TLS certificate errors will be ignored for this session
1523590213092	Marionette	DEBUG	loaded listener.js
1523590213180	Marionette	DEBUG	Received DOM event "beforeunload" for "about:blank"
1523590213229	Marionette	DEBUG	Received DOM event "pagehide" for "about:blank"
1523590213229	Marionette	DEBUG	Received DOM event "unload" for "about:blank"
1523590213319	Marionette	DEBUG	Received DOM event "DOMContentLoaded" for "http://www.baidu.com/"
1523590214006	Marionette	DEBUG	Received DOM event "pageshow" for "http://www.baidu.com/"
[GPU 21284] WARNING: pipe error: 109: file c:/builds/moz2_slave/m-rel-w32-00000000000000000000/build/src/ipc/chromium/src/chrome/common/ipc_channel_win.cc, line 346
[Child 19100] WARNING: pipe error: 109: file c:/builds/moz2_slave/m-rel-w32-00000000000000000000/build/src/ipc/chromium/src/chrome/common/ipc_channel_win.cc, line 346
[Child 19100] WARNING: pipe error: 109: file c:/builds/moz2_slave/m-rel-w32-00000000000000000000/build/src/ipc/chromium/src/chrome/common/ipc_channel_win.cc, line 346
[GPU 21284] WARNING: pipe error: 109: file c:/builds/moz2_slave/m-rel-w32-00000000000000000000/build/src/ipc/chromium/src/chrome/common/ipc_channel_win.cc, line 346

###!!! [Child][MessageChannel::SendAndWait] Error: Channel error: cannot send/recv

